Z:\ПАРАЛЛЕЛЬНОЕ ПРОГРАММИРОВАНИЕ OPENMP\MASSIVY 9\CONSOLEAPPLICATION2\DEBUG\VC110.PDB
Z:\ПАРАЛЛЕЛЬНОЕ ПРОГРАММИРОВАНИЕ OPENMP\MASSIVY 9\DEBUG\CONSOLEAPPLICATION2.PDB
Z:\Параллельное программирование OpenMP\massivy 9\ConsoleApplication2\Debug\ConsoleApplication2.obj
Z:\Параллельное программирование OpenMP\massivy 9\ConsoleApplication2\Debug\stdafx.obj
Z:\Параллельное программирование OpenMP\massivy 9\ConsoleApplication2\Debug\cl.command.1.tlog
Z:\Параллельное программирование OpenMP\massivy 9\ConsoleApplication2\Debug\CL.read.1.tlog
Z:\Параллельное программирование OpenMP\massivy 9\ConsoleApplication2\Debug\CL.write.1.tlog
Z:\Параллельное программирование OpenMP\massivy 9\ConsoleApplication2\Debug\link-cvtres.read.1.tlog
Z:\Параллельное программирование OpenMP\massivy 9\ConsoleApplication2\Debug\link-cvtres.write.1.tlog
Z:\Параллельное программирование OpenMP\massivy 9\ConsoleApplication2\Debug\link-rc.read.1.tlog
Z:\Параллельное программирование OpenMP\massivy 9\ConsoleApplication2\Debug\link-rc.write.1.tlog
Z:\Параллельное программирование OpenMP\massivy 9\ConsoleApplication2\Debug\link.command.1.tlog
Z:\Параллельное программирование OpenMP\massivy 9\ConsoleApplication2\Debug\link.read.1.tlog
Z:\Параллельное программирование OpenMP\massivy 9\ConsoleApplication2\Debug\link.write.1.tlog
Z:\Параллельное программирование OpenMP\massivy 9\ConsoleApplication2\Debug\ConsoleApplication2.pch
Z:\Параллельное программирование OpenMP\massivy 9\ConsoleApplication2\Debug\vc110.idb
Z:\Параллельное программирование OpenMP\massivy 9\ConsoleApplication2\Debug\vc110.pdb
Z:\Параллельное программирование OpenMP\massivy 9\Debug\ConsoleApplication2.pdb
Z:\Параллельное программирование OpenMP\massivy 9\Debug\ConsoleApplication2.exe
Z:\Параллельное программирование OpenMP\massivy 9\Debug\ConsoleApplication2.ilk
